<?xml version="1.0" encoding="UTF-8"?>
<testsuite xmlns:xsi="http://www.w3.org/2001/XMLSchema-instance" xsi:noNamespaceSchemaLocation="https://maven.apache.org/surefire/maven-surefire-plugin/xsd/surefire-test-report.xsd" version="3.0.1" name="ru.job4j.assertj.NameLoadTest" time="0.461" tests="5" errors="0" skipped="0" failures="0">
  <properties>
[...]
</properties>
  <testcase name="checkNameEmpty" classname="ru.job4j.assertj.NameLoadTest" time="0.352"/>
  <testcase name="checkStartsWithSymbolEquals" classname="ru.job4j.assertj.NameLoadTest" time="0.008"/>
  <testcase name="checkEmpty" classname="ru.job4j.assertj.NameLoadTest" time="0.004"/>
  <testcase name="checkEndsWithSymbolEquals" classname="ru.job4j.assertj.NameLoadTest" time="0.004"/>
  <testcase name="checkDoesNotContainSymbolEquals" classname="ru.job4j.assertj.NameLoadTest" time="0.003"/>
</testsuite>